[debug] [2022-08-22T02:44:58.256Z] ----------------------------------------------------------------------
[debug] [2022-08-22T02:44:58.258Z] Command:       C:\Program Files\nodejs\node.exe C:\Users\Ungkawa\AppData\Roaming\npm\node_modules\firebase-tools\lib\bin\firebase.js deploy
[debug] [2022-08-22T02:44:58.259Z] CLI Version:   11.7.0
[debug] [2022-08-22T02:44:58.259Z] Platform:      win32
[debug] [2022-08-22T02:44:58.259Z] Node Version:  v16.17.0
[debug] [2022-08-22T02:44:58.267Z] Time:          Mon Aug 22 2022 09:44:58 GMT+0700 (Western Indonesia Time)
[debug] [2022-08-22T02:44:58.267Z] ----------------------------------------------------------------------
[debug] 
[debug] [2022-08-22T02:44:58.392Z] > command requires scopes: ["email","openid","https://www.googleapis.com/auth/cloudplatformprojects.readonly","https://www.googleapis.com/auth/firebase","https://www.googleapis.com/auth/cloud-platform"]
[debug] [2022-08-22T02:44:58.393Z] > authorizing via signed-in user (uung@itenas.ac.id)
[debug] [2022-08-22T02:44:58.393Z] [iam] checking project kanbanfire-f1d7d for permissions ["firebase.projects.get","firebasehosting.sites.update"]
[debug] [2022-08-22T02:44:58.395Z] > refreshing access token with scopes: []
[debug] [2022-08-22T02:44:58.397Z] >>> [apiv2][query] POST https://www.googleapis.com/oauth2/v3/token [none]
[debug] [2022-08-22T02:44:58.397Z] >>> [apiv2][body] POST https://www.googleapis.com/oauth2/v3/token [omitted]
[debug] [2022-08-22T02:45:33.229Z] [iam] error while checking permissions, command may fail: FirebaseError: Authentication Error: Your credentials are no longer valid. Please run firebase login --reauth

For CI servers and headless environments, generate a new token with firebase login:ci
[debug] [2022-08-22T02:45:33.230Z] > refreshing access token with scopes: []
[debug] [2022-08-22T02:45:33.231Z] >>> [apiv2][query] POST https://www.googleapis.com/oauth2/v3/token [none]
[debug] [2022-08-22T02:45:33.232Z] >>> [apiv2][body] POST https://www.googleapis.com/oauth2/v3/token [omitted]
[debug] [2022-08-22T02:45:54.016Z] Authentication Error: Your credentials are no longer valid. Please run firebase login --reauth

For CI servers and headless environments, generate a new token with firebase login:ci
[debug] [2022-08-22T02:45:54.157Z] FirebaseError: Authentication Error: Your credentials are no longer valid. Please run firebase login --reauth

For CI servers and headless environments, generate a new token with firebase login:ci
    at invalidCredentialError (C:\Users\Ungkawa\AppData\Roaming\npm\node_modules\firebase-tools\lib\auth.js:144:12)
    at refreshTokens (C:\Users\Ungkawa\AppData\Roaming\npm\node_modules\firebase-tools\lib\auth.js:508:15)
    at processTicksAndRejections (node:internal/process/task_queues:96:5)
    at async Client.getAccessToken (C:\Users\Ungkawa\AppData\Roaming\npm\node_modules\firebase-tools\lib\apiv2.js:149:23)
    at async Client.addAuthHeader (C:\Users\Ungkawa\AppData\Roaming\npm\node_modules\firebase-tools\lib\apiv2.js:140:21)
    at async Client.request (C:\Users\Ungkawa\AppData\Roaming\npm\node_modules\firebase-tools\lib\apiv2.js:96:34)
    at async getFirebaseProject (C:\Users\Ungkawa\AppData\Roaming\npm\node_modules\firebase-tools\lib\management\projects.js:295:21)
    at async getDefaultHostingSite (C:\Users\Ungkawa\AppData\Roaming\npm\node_modules\firebase-tools\lib\getDefaultHostingSite.js:8:21)
    at async requireHostingSite (C:\Users\Ungkawa\AppData\Roaming\npm\node_modules\firebase-tools\lib\requireHostingSite.js:9:18)
    at async Object.fn (C:\Users\Ungkawa\AppData\Roaming\npm\node_modules\firebase-tools\lib\commands\deploy.js:74:9)
    at async C:\Users\Ungkawa\AppData\Roaming\npm\node_modules\firebase-tools\lib\command.js:214:17
[error] 
[error] Error: Failed to get Firebase project kanbanfire-f1d7d. Please make sure the project exists and your account has permission to access it.
